<?xml version="1.0" encoding="UTF-8"?>
<testsuite xmlns:xsi="http://www.w3.org/2001/XMLSchema-instance" xsi:noNamespaceSchemaLocation="https://maven.apache.org/surefire/maven-surefire-plugin/xsd/surefire-test-report-3.0.xsd" version="3.0" name="com.bcopstein.ValidacaoHorarioComercialTest" time="2.494" tests="1" errors="0" skipped="0" failures="1">
  <properties>
[...]
</properties>
  <testcase name="validaTresProdutosExistentes" classname="com.bcopstein.ValidacaoHorarioComercialTest" time="2.432">
    <failure type="org.opentest4j.AssertionFailedError"><![CDATA[org.opentest4j.AssertionFailedError: Unexpected exception thrown: com.bcopstein.SistVendasException: QUANTIDADE_INSUFICIENTE
	at com.bcopstein.ValidacaoHorarioComercialTest.validaTresProdutosExistentes(ValidacaoHorarioComercialTest.java:31)
Caused by: com.bcopstein.SistVendasException: QUANTIDADE_INSUFICIENTE
	at com.bcopstein.ValidacaoHorarioComercialTest.lambda$validaTresProdutosExistentes$0(ValidacaoHorarioComercialTest.java:31)
	at com.bcopstein.ValidacaoHorarioComercialTest.validaTresProdutosExistentes(ValidacaoHorarioComercialTest.java:31)
]]></failure>
  </testcase>
</testsuite>